<?xml version="1.0" encoding="UTF-8"?>
<testsuite xmlns:xsi="http://www.w3.org/2001/XMLSchema-instance" xsi:noNamespaceSchemaLocation="https://maven.apache.org/surefire/maven-surefire-plugin/xsd/surefire-test-report.xsd" name="ContractTest.IBankTest" time="0.002" tests="2" errors="0" skipped="0" failures="0">
  <properties>
    <property name="sun.desktop" value="windows"/>
    <property name="awt.toolkit" value="sun.awt.windows.WToolkit"/>
    <property name="file.encoding.pkg" value="sun.io"/>
    <property name="java.specification.version" value="1.8"/>
    <property name="sun.cpu.isalist" value="amd64"/>
    <property name="sun.jnu.encoding" value="Cp1252"/>
    <property name="java.class.path" value="D:\Code\PBA\2.Semester\Test\MockingAndTDD\banking\target\test-classes;D:\Code\PBA\2.Semester\Test\MockingAndTDD\banking\target\classes;C:\Users\Mikkel\.m2\repository\org\jmock\jmock-junit4\2.12.0\jmock-junit4-2.12.0.jar;C:\Users\Mikkel\.m2\repository\junit\junit\4.12\junit-4.12.jar;C:\Users\Mikkel\.m2\repository\org\hamcrest\hamcrest-core\1.3\hamcrest-core-1.3.jar;C:\Users\Mikkel\.m2\repository\org\jmock\jmock\2.12.0\jmock-2.12.0.jar;C:\Users\Mikkel\.m2\repository\org\jmock\jmock-testjar\2.12.0\jmock-testjar-2.12.0.jar;C:\Users\Mikkel\.m2\repository\com\google\code\findbugs\annotations\3.0.1\annotations-3.0.1.jar;C:\Users\Mikkel\.m2\repository\org\hamcrest\hamcrest\2.1\hamcrest-2.1.jar;C:\Users\Mikkel\.m2\repository\org\hamcrest\hamcrest-library\2.1\hamcrest-library-2.1.jar;C:\Users\Mikkel\.m2\repository\org\ow2\asm\asm\7.1\asm-7.1.jar;C:\Users\Mikkel\.m2\repository\org\apache-extras\beanshell\bsh\2.0b6\bsh-2.0b6.jar;C:\Users\Mikkel\.m2\repository\org\jmock\jmock-legacy\2.12.0\jmock-legacy-2.12.0.jar;C:\Users\Mikkel\.m2\repository\org\objenesis\objenesis\3.0.1\objenesis-3.0.1.jar;C:\Users\Mikkel\.m2\repository\cglib\cglib\3.2.8\cglib-3.2.8.jar;C:\Users\Mikkel\.m2\repository\org\jmock\jmock-imposters\2.12.0\jmock-imposters-2.12.0.jar;C:\Users\Mikkel\.m2\repository\org\mybatis\mybatis\3.4.5\mybatis-3.4.5.jar;C:\Users\Mikkel\.m2\repository\com\google\code\gson\gson\2.8.6\gson-2.8.6.jar;C:\Users\Mikkel\.m2\repository\mysql\mysql-connector-java\8.0.11\mysql-connector-java-8.0.11.jar;C:\Users\Mikkel\.m2\repository\com\google\protobuf\protobuf-java\2.6.0\protobuf-java-2.6.0.jar;C:\Users\Mikkel\.m2\repository\javax\servlet\javax.servlet-api\3.0.1\javax.servlet-api-3.0.1.jar;C:\Users\Mikkel\.m2\repository\org\glassfish\jersey\core\jersey-server\2.10.1\jersey-server-2.10.1.jar;C:\Users\Mikkel\.m2\repository\org\glassfish\jersey\core\jersey-client\2.10.1\jersey-client-2.10.1.jar;C:\Users\Mikkel\.m2\repository\javax\annotation\javax.annotation-api\1.2\javax.annotation-api-1.2.jar;C:\Users\Mikkel\.m2\repository\org\glassfish\hk2\hk2-api\2.3.0-b05\hk2-api-2.3.0-b05.jar;C:\Users\Mikkel\.m2\repository\org\glassfish\hk2\hk2-utils\2.3.0-b05\hk2-utils-2.3.0-b05.jar;C:\Users\Mikkel\.m2\repository\org\glassfish\hk2\external\aopalliance-repackaged\2.3.0-b05\aopalliance-repackaged-2.3.0-b05.jar;C:\Users\Mikkel\.m2\repository\org\glassfish\hk2\external\javax.inject\2.3.0-b05\javax.inject-2.3.0-b05.jar;C:\Users\Mikkel\.m2\repository\org\glassfish\hk2\hk2-locator\2.3.0-b05\hk2-locator-2.3.0-b05.jar;C:\Users\Mikkel\.m2\repository\org\javassist\javassist\3.18.1-GA\javassist-3.18.1-GA.jar;C:\Users\Mikkel\.m2\repository\javax\validation\validation-api\1.1.0.Final\validation-api-1.1.0.Final.jar;C:\Users\Mikkel\.m2\repository\org\glassfish\jersey\core\jersey-common\2.10.1\jersey-common-2.10.1.jar;C:\Users\Mikkel\.m2\repository\org\glassfish\jersey\bundles\repackaged\jersey-guava\2.10.1\jersey-guava-2.10.1.jar;C:\Users\Mikkel\.m2\repository\org\glassfish\hk2\osgi-resource-locator\1.0.1\osgi-resource-locator-1.0.1.jar;C:\Users\Mikkel\.m2\repository\org\glassfish\jersey\containers\jersey-container-servlet\2.10.1\jersey-container-servlet-2.10.1.jar;C:\Users\Mikkel\.m2\repository\org\glassfish\jersey\containers\jersey-container-servlet-core\2.10.1\jersey-container-servlet-core-2.10.1.jar;C:\Users\Mikkel\.m2\repository\javax\ws\rs\javax.ws.rs-api\2.1\javax.ws.rs-api-2.1.jar;C:\Users\Mikkel\.m2\repository\org\seleniumhq\selenium\selenium-server\3.141.59\selenium-server-3.141.59.jar;C:\Users\Mikkel\.m2\repository\org\seleniumhq\selenium\selenium-java\3.141.59\selenium-java-3.141.59.jar;C:\Users\Mikkel\.m2\repository\org\seleniumhq\selenium\selenium-api\3.141.59\selenium-api-3.141.59.jar;C:\Users\Mikkel\.m2\repository\org\seleniumhq\selenium\selenium-chrome-driver\3.141.59\selenium-chrome-driver-3.141.59.jar;C:\Users\Mikkel\.m2\repository\org\seleniumhq\selenium\selenium-edge-driver\3.141.59\selenium-edge-driver-3.141.59.jar;C:\Users\Mikkel\.m2\repository\org\seleniumhq\selenium\selenium-firefox-driver\3.141.59\selenium-firefox-driver-3.141.59.jar;C:\Users\Mikkel\.m2\repository\org\seleniumhq\selenium\selenium-ie-driver\3.141.59\selenium-ie-driver-3.141.59.jar;C:\Users\Mikkel\.m2\repository\org\seleniumhq\selenium\selenium-opera-driver\3.141.59\selenium-opera-driver-3.141.59.jar;C:\Users\Mikkel\.m2\repository\org\seleniumhq\selenium\selenium-remote-driver\3.141.59\selenium-remote-driver-3.141.59.jar;C:\Users\Mikkel\.m2\repository\org\seleniumhq\selenium\selenium-safari-driver\3.141.59\selenium-safari-driver-3.141.59.jar;C:\Users\Mikkel\.m2\repository\org\seleniumhq\selenium\selenium-support\3.141.59\selenium-support-3.141.59.jar;C:\Users\Mikkel\.m2\repository\com\beust\jcommander\1.72\jcommander-1.72.jar;C:\Users\Mikkel\.m2\repository\net\bytebuddy\byte-buddy\1.8.15\byte-buddy-1.8.15.jar;C:\Users\Mikkel\.m2\repository\org\apache\commons\commons-exec\1.3\commons-exec-1.3.jar;C:\Users\Mikkel\.m2\repository\com\google\guava\guava\25.0-jre\guava-25.0-jre.jar;C:\Users\Mikkel\.m2\repository\com\google\code\findbugs\jsr305\1.3.9\jsr305-1.3.9.jar;C:\Users\Mikkel\.m2\repository\org\checkerframework\checker-compat-qual\2.0.0\checker-compat-qual-2.0.0.jar;C:\Users\Mikkel\.m2\repository\com\google\errorprone\error_prone_annotations\2.1.3\error_prone_annotations-2.1.3.jar;C:\Users\Mikkel\.m2\repository\com\google\j2objc\j2objc-annotations\1.1\j2objc-annotations-1.1.jar;C:\Users\Mikkel\.m2\repository\org\codehaus\mojo\animal-sniffer-annotations\1.14\animal-sniffer-annotations-1.14.jar;C:\Users\Mikkel\.m2\repository\net\jcip\jcip-annotations\1.0\jcip-annotations-1.0.jar;C:\Users\Mikkel\.m2\repository\org\seleniumhq\selenium\jetty-repacked\9.4.12.v20180830\jetty-repacked-9.4.12.v20180830.jar;C:\Users\Mikkel\.m2\repository\com\squareup\okhttp3\okhttp\3.11.0\okhttp-3.11.0.jar;C:\Users\Mikkel\.m2\repository\com\squareup\okio\okio\1.14.0\okio-1.14.0.jar;C:\Users\Mikkel\.m2\repository\org\yaml\snakeyaml\1.19\snakeyaml-1.19.jar;"/>
    <property name="java.vm.vendor" value="Oracle Corporation"/>
    <property name="sun.arch.data.model" value="64"/>
    <property name="user.variant" value=""/>
    <property name="java.vendor.url" value="http://java.oracle.com/"/>
    <property name="user.timezone" value="Europe/Paris"/>
    <property name="user.country.format" value="DK"/>
    <property name="java.vm.specification.version" value="1.8"/>
    <property name="os.name" value="Windows 10"/>
    <property name="sun.java.launcher" value="SUN_STANDARD"/>
    <property name="user.country" value="US"/>
    <property name="sun.boot.library.path" value="C:\Program Files\Java\jdk1.8.0_121\jre\bin"/>
    <property name="sun.java.command" value="C:\Users\Mikkel\AppData\Local\Temp\surefire8548500086473529330\surefirebooter4649940795256550005.jar C:\Users\Mikkel\AppData\Local\Temp\surefire8548500086473529330 2020-05-17T18-44-02_236-jvmRun1 surefire8192748359043930804tmp surefire_01858587430256863949tmp"/>
    <property name="surefire.test.class.path" value="D:\Code\PBA\2.Semester\Test\MockingAndTDD\banking\target\test-classes;D:\Code\PBA\2.Semester\Test\MockingAndTDD\banking\target\classes;C:\Users\Mikkel\.m2\repository\org\jmock\jmock-junit4\2.12.0\jmock-junit4-2.12.0.jar;C:\Users\Mikkel\.m2\repository\junit\junit\4.12\junit-4.12.jar;C:\Users\Mikkel\.m2\repository\org\hamcrest\hamcrest-core\1.3\hamcrest-core-1.3.jar;C:\Users\Mikkel\.m2\repository\org\jmock\jmock\2.12.0\jmock-2.12.0.jar;C:\Users\Mikkel\.m2\repository\org\jmock\jmock-testjar\2.12.0\jmock-testjar-2.12.0.jar;C:\Users\Mikkel\.m2\repository\com\google\code\findbugs\annotations\3.0.1\annotations-3.0.1.jar;C:\Users\Mikkel\.m2\repository\org\hamcrest\hamcrest\2.1\hamcrest-2.1.jar;C:\Users\Mikkel\.m2\repository\org\hamcrest\hamcrest-library\2.1\hamcrest-library-2.1.jar;C:\Users\Mikkel\.m2\repository\org\ow2\asm\asm\7.1\asm-7.1.jar;C:\Users\Mikkel\.m2\repository\org\apache-extras\beanshell\bsh\2.0b6\bsh-2.0b6.jar;C:\Users\Mikkel\.m2\repository\org\jmock\jmock-legacy\2.12.0\jmock-legacy-2.12.0.jar;C:\Users\Mikkel\.m2\repository\org\objenesis\objenesis\3.0.1\objenesis-3.0.1.jar;C:\Users\Mikkel\.m2\repository\cglib\cglib\3.2.8\cglib-3.2.8.jar;C:\Users\Mikkel\.m2\repository\org\jmock\jmock-imposters\2.12.0\jmock-imposters-2.12.0.jar;C:\Users\Mikkel\.m2\repository\org\mybatis\mybatis\3.4.5\mybatis-3.4.5.jar;C:\Users\Mikkel\.m2\repository\com\google\code\gson\gson\2.8.6\gson-2.8.6.jar;C:\Users\Mikkel\.m2\repository\mysql\mysql-connector-java\8.0.11\mysql-connector-java-8.0.11.jar;C:\Users\Mikkel\.m2\repository\com\google\protobuf\protobuf-java\2.6.0\protobuf-java-2.6.0.jar;C:\Users\Mikkel\.m2\repository\javax\servlet\javax.servlet-api\3.0.1\javax.servlet-api-3.0.1.jar;C:\Users\Mikkel\.m2\repository\org\glassfish\jersey\core\jersey-server\2.10.1\jersey-server-2.10.1.jar;C:\Users\Mikkel\.m2\repository\org\glassfish\jersey\core\jersey-client\2.10.1\jersey-client-2.10.1.jar;C:\Users\Mikkel\.m2\repository\javax\annotation\javax.annotation-api\1.2\javax.annotation-api-1.2.jar;C:\Users\Mikkel\.m2\repository\org\glassfish\hk2\hk2-api\2.3.0-b05\hk2-api-2.3.0-b05.jar;C:\Users\Mikkel\.m2\repository\org\glassfish\hk2\hk2-utils\2.3.0-b05\hk2-utils-2.3.0-b05.jar;C:\Users\Mikkel\.m2\repository\org\glassfish\hk2\external\aopalliance-repackaged\2.3.0-b05\aopalliance-repackaged-2.3.0-b05.jar;C:\Users\Mikkel\.m2\repository\org\glassfish\hk2\external\javax.inject\2.3.0-b05\javax.inject-2.3.0-b05.jar;C:\Users\Mikkel\.m2\repository\org\glassfish\hk2\hk2-locator\2.3.0-b05\hk2-locator-2.3.0-b05.jar;C:\Users\Mikkel\.m2\repository\org\javassist\javassist\3.18.1-GA\javassist-3.18.1-GA.jar;C:\Users\Mikkel\.m2\repository\javax\validation\validation-api\1.1.0.Final\validation-api-1.1.0.Final.jar;C:\Users\Mikkel\.m2\repository\org\glassfish\jersey\core\jersey-common\2.10.1\jersey-common-2.10.1.jar;C:\Users\Mikkel\.m2\repository\org\glassfish\jersey\bundles\repackaged\jersey-guava\2.10.1\jersey-guava-2.10.1.jar;C:\Users\Mikkel\.m2\repository\org\glassfish\hk2\osgi-resource-locator\1.0.1\osgi-resource-locator-1.0.1.jar;C:\Users\Mikkel\.m2\repository\org\glassfish\jersey\containers\jersey-container-servlet\2.10.1\jersey-container-servlet-2.10.1.jar;C:\Users\Mikkel\.m2\repository\org\glassfish\jersey\containers\jersey-container-servlet-core\2.10.1\jersey-container-servlet-core-2.10.1.jar;C:\Users\Mikkel\.m2\repository\javax\ws\rs\javax.ws.rs-api\2.1\javax.ws.rs-api-2.1.jar;C:\Users\Mikkel\.m2\repository\org\seleniumhq\selenium\selenium-server\3.141.59\selenium-server-3.141.59.jar;C:\Users\Mikkel\.m2\repository\org\seleniumhq\selenium\selenium-java\3.141.59\selenium-java-3.141.59.jar;C:\Users\Mikkel\.m2\repository\org\seleniumhq\selenium\selenium-api\3.141.59\selenium-api-3.141.59.jar;C:\Users\Mikkel\.m2\repository\org\seleniumhq\selenium\selenium-chrome-driver\3.141.59\selenium-chrome-driver-3.141.59.jar;C:\Users\Mikkel\.m2\repository\org\seleniumhq\selenium\selenium-edge-driver\3.141.59\selenium-edge-driver-3.141.59.jar;C:\Users\Mikkel\.m2\repository\org\seleniumhq\selenium\selenium-firefox-driver\3.141.59\selenium-firefox-driver-3.141.59.jar;C:\Users\Mikkel\.m2\repository\org\seleniumhq\selenium\selenium-ie-driver\3.141.59\selenium-ie-driver-3.141.59.jar;C:\Users\Mikkel\.m2\repository\org\seleniumhq\selenium\selenium-opera-driver\3.141.59\selenium-opera-driver-3.141.59.jar;C:\Users\Mikkel\.m2\repository\org\seleniumhq\selenium\selenium-remote-driver\3.141.59\selenium-remote-driver-3.141.59.jar;C:\Users\Mikkel\.m2\repository\org\seleniumhq\selenium\selenium-safari-driver\3.141.59\selenium-safari-driver-3.141.59.jar;C:\Users\Mikkel\.m2\repository\org\seleniumhq\selenium\selenium-support\3.141.59\selenium-support-3.141.59.jar;C:\Users\Mikkel\.m2\repository\com\beust\jcommander\1.72\jcommander-1.72.jar;C:\Users\Mikkel\.m2\repository\net\bytebuddy\byte-buddy\1.8.15\byte-buddy-1.8.15.jar;C:\Users\Mikkel\.m2\repository\org\apache\commons\commons-exec\1.3\commons-exec-1.3.jar;C:\Users\Mikkel\.m2\repository\com\google\guava\guava\25.0-jre\guava-25.0-jre.jar;C:\Users\Mikkel\.m2\repository\com\google\code\findbugs\jsr305\1.3.9\jsr305-1.3.9.jar;C:\Users\Mikkel\.m2\repository\org\checkerframework\checker-compat-qual\2.0.0\checker-compat-qual-2.0.0.jar;C:\Users\Mikkel\.m2\repository\com\google\errorprone\error_prone_annotations\2.1.3\error_prone_annotations-2.1.3.jar;C:\Users\Mikkel\.m2\repository\com\google\j2objc\j2objc-annotations\1.1\j2objc-annotations-1.1.jar;C:\Users\Mikkel\.m2\repository\org\codehaus\mojo\animal-sniffer-annotations\1.14\animal-sniffer-annotations-1.14.jar;C:\Users\Mikkel\.m2\repository\net\jcip\jcip-annotations\1.0\jcip-annotations-1.0.jar;C:\Users\Mikkel\.m2\repository\org\seleniumhq\selenium\jetty-repacked\9.4.12.v20180830\jetty-repacked-9.4.12.v20180830.jar;C:\Users\Mikkel\.m2\repository\com\squareup\okhttp3\okhttp\3.11.0\okhttp-3.11.0.jar;C:\Users\Mikkel\.m2\repository\com\squareup\okio\okio\1.14.0\okio-1.14.0.jar;C:\Users\Mikkel\.m2\repository\org\yaml\snakeyaml\1.19\snakeyaml-1.19.jar;"/>
    <property name="sun.cpu.endian" value="little"/>
    <property name="user.home" value="C:\Users\Mikkel"/>
    <property name="user.language" value="en"/>
    <property name="java.specification.vendor" value="Oracle Corporation"/>
    <property name="java.home" value="C:\Program Files\Java\jdk1.8.0_121\jre"/>
    <property name="basedir" value="D:\Code\PBA\2.Semester\Test\MockingAndTDD\banking"/>
    <property name="file.separator" value="\"/>
    <property name="line.separator" value="&#10;"/>
    <property name="java.vm.specification.vendor" value="Oracle Corporation"/>
    <property name="java.specification.name" value="Java Platform API Specification"/>
    <property name="java.awt.graphicsenv" value="sun.awt.Win32GraphicsEnvironment"/>
    <property name="surefire.real.class.path" value="C:\Users\Mikkel\AppData\Local\Temp\surefire8548500086473529330\surefirebooter4649940795256550005.jar"/>
    <property name="sun.boot.class.path" value="C:\Program Files\Java\jdk1.8.0_121\jre\lib\resources.jar;C:\Program Files\Java\jdk1.8.0_121\jre\lib\rt.jar;C:\Program Files\Java\jdk1.8.0_121\jre\lib\sunrsasign.jar;C:\Program Files\Java\jdk1.8.0_121\jre\lib\jsse.jar;C:\Program Files\Java\jdk1.8.0_121\jre\lib\jce.jar;C:\Program Files\Java\jdk1.8.0_121\jre\lib\charsets.jar;C:\Program Files\Java\jdk1.8.0_121\jre\lib\jfr.jar;C:\Program Files\Java\jdk1.8.0_121\jre\classes"/>
    <property name="user.script" value=""/>
    <property name="sun.management.compiler" value="HotSpot 64-Bit Tiered Compilers"/>
    <property name="java.runtime.version" value="1.8.0_121-b13"/>
    <property name="user.name" value="Mikkel"/>
    <property name="path.separator" value=";"/>
    <property name="os.version" value="10.0"/>
    <property name="java.endorsed.dirs" value="C:\Program Files\Java\jdk1.8.0_121\jre\lib\endorsed"/>
    <property name="java.runtime.name" value="Java(TM) SE Runtime Environment"/>
    <property name="file.encoding" value="UTF-8"/>
    <property name="java.vm.name" value="Java HotSpot(TM) 64-Bit Server VM"/>
    <property name="maven.ext.class.path" value="C:\Program Files\NetBeans 8.2\java\maven-nblib\netbeans-eventspy.jar"/>
    <property name="localRepository" value="C:\Users\Mikkel\.m2\repository"/>
    <property name="java.vendor.url.bug" value="http://bugreport.sun.com/bugreport/"/>
    <property name="java.io.tmpdir" value="C:\Users\Mikkel\AppData\Local\Temp\"/>
    <property name="java.version" value="1.8.0_121"/>
    <property name="user.dir" value="D:\Code\PBA\2.Semester\Test\MockingAndTDD\banking"/>
    <property name="os.arch" value="amd64"/>
    <property name="java.vm.specification.name" value="Java Virtual Machine Specification"/>
    <property name="java.awt.printerjob" value="sun.awt.windows.WPrinterJob"/>
    <property name="user.language.format" value="da"/>
    <property name="sun.os.patch.level" value=""/>
    <property name="java.library.path" value="C:\Program Files\Java\jdk1.8.0_121\jre\bin;C:\WINDOWS\Sun\Java\bin;C:\WINDOWS\system32;C:\WINDOWS;C:\Program Files (x86)\Intel\Intel(R) Management Engine Components\iCLS\;C:\Program Files\Intel\Intel(R) Management Engine Components\iCLS\;C:\ProgramData\Oracle\Java\javapath;C:\Program Files (x86)\Razer Chroma SDK\bin;C:\Program Files\Razer Chroma SDK\bin;C:\Windows\system32;C:\Windows;C:\Windows\System32\Wbem;C:\Windows\System32\WindowsPowerShell\v1.0\;C:\Program Files (x86)\NVIDIA Corporation\PhysX\Common;C:\WINDOWS\system32;C:\WINDOWS;C:\WINDOWS\System32\Wbem;C:\WINDOWS\System32\WindowsPowerShell\v1.0\;C:\Program Files (x86)\Intel\Intel(R) Management Engine Components\DAL;C:\Program Files\Intel\Intel(R) Management Engine Components\DAL;C:\Program Files (x86)\Intel\Intel(R) Management Engine Components\IPT;C:\Program Files\Intel\Intel(R) Management Engine Components\IPT;C:\WINDOWS\System32\OpenSSH\;D:\Programs\;C:\Program Files (x86)\Microsoft SQL Server\150\DTS\Binn\;C:\Program Files\Git LFS;%MAVEN_HOME%\bin;D:\Programs\Git\cmd;C:\Program Files (x86)\Yarn\bin\;C:\Users\Mikkel\Anaconda3;C:\Users\Mikkel\Anaconda3\Library\mingw-w64\bin;C:\Users\Mikkel\Anaconda3\Library\usr\bin;C:\Users\Mikkel\Anaconda3\Library\bin;C:\Users\Mikkel\Anaconda3\Scripts;C:\Users\Mikkel\AppData\Local\Microsoft\WindowsApps;C:\Users\Mikkel\AppData\Local\Programs\Microsoft VS Code\bin;C:\Users\Mikkel\AppData\Roaming\npm;D:\Programs\New folder (2)\IntelliJ IDEA Community Edition 2019.2.4\bin;;C:\Program Files\MongoDB\Server\4.2\bin;;C:\Program Files\Docker Toolbox;C:\Program Files\Docker Toolbox;C:\Users\Mikkel\AppData\Local\Yarn\bin;."/>
    <property name="java.vm.info" value="mixed mode"/>
    <property name="java.vendor" value="Oracle Corporation"/>
    <property name="java.vm.version" value="25.121-b13"/>
    <property name="java.ext.dirs" value="C:\Program Files\Java\jdk1.8.0_121\jre\lib\ext;C:\WINDOWS\Sun\Java\lib\ext"/>
    <property name="sun.io.unicode.encoding" value="UnicodeLittle"/>
    <property name="java.class.version" value="52.0"/>
  </properties>
  <testcase name="testGetAccounts" classname="ContractTest.IBankTest" time="0.001"/>
  <testcase name="testGetBank" classname="ContractTest.IBankTest" time="0"/>
</testsuite>